TN:
SF:/Users/ibs/aurelia-realworld-example-app/src/shared/services/config.js
FNF:0
FNH:0
DA:1,1
LF:1
LH:1
BRF:0
BRH:0
end_of_record
TN:
SF:/Users/ibs/aurelia-realworld-example-app/src/shared/services/jwt-service.js
FN:3,(anonymous_0)
FN:7,(anonymous_1)
FN:11,(anonymous_2)
FN:15,(anonymous_3)
FN:19,(anonymous_4)
FNF:5
FNH:5
FNDA:8,(anonymous_0)
FNDA:3,(anonymous_1)
FNDA:1,(anonymous_2)
FNDA:4,(anonymous_3)
FNDA:2,(anonymous_4)
DA:4,8
DA:8,3
DA:12,1
DA:16,4
DA:20,2
LF:5
LH:5
BRDA:16,0,0,4
BRDA:16,0,1,2
BRDA:20,1,0,1
BRDA:20,1,1,1
BRF:4
BRH:4
end_of_record
TN:
SF:/Users/ibs/aurelia-realworld-example-app/src/shared/services/HttpError.js
FN:2,(anonymous_0)
FNF:1
FNH:0
FNDA:0,(anonymous_0)
DA:3,0
DA:4,0
LF:2
LH:0
BRF:0
BRH:0
end_of_record
TN:
SF:/Users/ibs/aurelia-realworld-example-app/src/shared/services/service-helper.js
FN:3,status
FN:12,parseError
FN:13,(anonymous_2)
FNF:3
FNH:0
FNDA:0,status
FNDA:0,parseError
FNDA:0,(anonymous_2)
DA:4,0
DA:5,0
DA:6,0
DA:9,0
DA:13,0
LF:5
LH:0
BRDA:4,0,0,0
BRDA:4,0,1,0
BRDA:4,1,0,0
BRDA:4,1,1,0
BRDA:5,2,0,0
BRDA:5,2,1,0
BRDA:6,3,0,0
BRDA:6,3,1,0
BRDA:13,4,0,0
BRDA:13,4,1,0
BRF:10
BRH:0
end_of_record
TN:
SF:/Users/ibs/aurelia-realworld-example-app/src/shared/services/api-service.js
FN:11,(anonymous_0)
FN:16,(anonymous_1)
FN:24,(anonymous_2)
FN:34,(anonymous_3)
FN:45,(anonymous_4)
FN:56,(anonymous_5)
FNF:6
FNH:0
FNDA:0,(anonymous_0)
FNDA:0,(anonymous_1)
FNDA:0,(anonymous_2)
FNDA:0,(anonymous_3)
FNDA:0,(anonymous_4)
FNDA:0,(anonymous_5)
DA:12,0
DA:13,0
DA:17,0
DA:21,0
DA:25,0
DA:29,0
DA:35,0
DA:40,0
DA:46,0
DA:51,0
DA:57,0
DA:61,0
LF:12
LH:0
BRDA:34,0,0,0
BRDA:45,1,0,0
BRF:2
BRH:0
end_of_record
TN:
SF:/Users/ibs/aurelia-realworld-example-app/src/shared/models/user.js
FN:3,(anonymous_0)
FNF:1
FNH:1
FNDA:18,(anonymous_0)
DA:4,18
DA:5,18
DA:6,18
DA:7,18
DA:8,18
LF:5
LH:5
BRF:0
BRH:0
end_of_record
TN:
SF:/Users/ibs/aurelia-realworld-example-app/src/shared/state/shared-state.js
FN:5,(anonymous_0)
FNF:1
FNH:1
FNDA:5,(anonymous_0)
DA:6,5
DA:7,5
LF:2
LH:2
BRF:0
BRH:0
end_of_record
TN:
SF:/Users/ibs/aurelia-realworld-example-app/src/shared/services/user-service.js
FN:10,(anonymous_0)
FN:18,(anonymous_1)
FN:21,(anonymous_2)
FN:28,(anonymous_3)
FN:35,(anonymous_4)
FN:42,(anonymous_5)
FN:45,(anonymous_6)
FN:51,(anonymous_7)
FN:53,(anonymous_8)
FNF:9
FNH:9
FNDA:19,(anonymous_0)
FNDA:3,(anonymous_1)
FNDA:2,(anonymous_2)
FNDA:9,(anonymous_3)
FNDA:4,(anonymous_4)
FNDA:5,(anonymous_5)
FNDA:4,(anonymous_6)
FNDA:4,(anonymous_7)
FNDA:3,(anonymous_8)
DA:11,19
DA:12,19
DA:13,19
DA:19,3
DA:20,2
DA:21,2
DA:24,1
DA:30,9
DA:31,9
DA:32,9
DA:37,4
DA:38,4
DA:39,4
DA:43,5
DA:44,5
DA:46,4
DA:47,4
DA:52,4
DA:54,3
DA:55,3
LF:20
LH:20
BRDA:19,0,0,2
BRDA:19,0,1,1
BRDA:43,1,0,4
BRDA:43,1,1,1
BRF:4
BRH:4
end_of_record
TN:
SF:/Users/ibs/aurelia-realworld-example-app/src/app.js
FN:10,(anonymous_0)
FN:15,(anonymous_1)
FN:31,(anonymous_2)
FN:39,(anonymous_3)
FN:43,(anonymous_4)
FN:44,(anonymous_5)
FNF:6
FNH:1
FNDA:1,(anonymous_0)
FNDA:0,(anonymous_1)
FNDA:0,(anonymous_2)
FNDA:0,(anonymous_3)
FNDA:0,(anonymous_4)
FNDA:0,(anonymous_5)
DA:11,1
DA:12,1
DA:16,0
DA:17,0
DA:18,0
DA:28,0
DA:32,0
DA:40,0
DA:44,0
DA:45,0
DA:46,0
DA:47,0
DA:51,0
LF:13
LH:2
BRDA:44,0,0,0
BRDA:44,0,1,0
BRDA:46,1,0,0
BRDA:46,1,1,0
BRF:4
BRH:0
end_of_record
TN:
SF:/Users/ibs/aurelia-realworld-example-app/src/components/auth/auth-component.js
FN:14,(anonymous_0)
FN:20,(anonymous_1)
FN:24,(anonymous_2)
FN:28,(anonymous_3)
FN:35,(anonymous_4)
FN:44,(anonymous_5)
FN:45,(anonymous_6)
FN:46,(anonymous_7)
FNF:8
FNH:8
FNDA:24,(anonymous_0)
FNDA:1,(anonymous_1)
FNDA:2,(anonymous_2)
FNDA:10,(anonymous_3)
FNDA:5,(anonymous_4)
FNDA:4,(anonymous_5)
FNDA:1,(anonymous_6)
FNDA:1,(anonymous_7)
DA:15,24
DA:16,24
DA:17,24
DA:21,1
DA:25,2
DA:29,10
DA:30,5
DA:32,5
DA:36,5
DA:38,5
DA:43,5
DA:44,4
DA:46,1
LF:13
LH:13
BRDA:29,0,0,5
BRDA:29,0,1,5
BRDA:30,1,0,5
BRDA:30,1,1,3
BRDA:32,2,0,5
BRDA:32,2,1,3
BRDA:32,2,2,2
BRF:7
BRH:7
end_of_record
